SF:lib/feature/account/data/data_sources/local/storage_impl.dart
DA:5,0
DA:7,0
DA:8,0
DA:9,0
DA:15,0
DA:19,0
DA:20,0
DA:21,0
LF:8
LH:0
end_of_record
SF:lib/feature/account/data/data_sources/remote/api_impl.dart
DA:9,1
DA:12,1
DA:16,2
DA:17,1
DA:18,1
DA:19,1
DA:21,1
DA:22,2
DA:23,2
DA:26,1
DA:27,2
DA:28,1
DA:34,0
DA:38,0
DA:39,0
DA:40,0
DA:41,0
DA:43,0
DA:44,0
DA:45,0
DA:48,0
DA:49,0
DA:50,0
DA:56,0
DA:60,0
DA:61,0
DA:62,0
DA:63,0
DA:65,0
DA:66,0
DA:67,0
DA:68,0
DA:69,0
DA:73,0
DA:74,0
DA:75,0
DA:81,1
DA:85,2
DA:86,1
DA:87,1
DA:88,1
DA:90,1
DA:91,2
DA:92,1
DA:93,1
DA:94,1
DA:98,1
DA:99,2
DA:100,1
DA:106,1
DA:110,2
DA:111,1
DA:112,1
DA:113,1
DA:115,1
DA:116,2
DA:117,1
DA:118,1
DA:119,2
DA:125,1
DA:126,2
DA:127,1
LF:62
LH:38
end_of_record
SF:lib/core/network/dio_network.dart
DA:34,0
LF:1
LH:0
end_of_record
SF:lib/core/network/api_response.dart
DA:25,0
DA:26,0
DA:29,5
DA:36,2
DA:37,1
DA:38,1
DA:41,0
DA:42,0
DA:43,0
DA:46,0
DA:47,0
DA:48,0
DA:52,6
DA:53,3
DA:54,1
DA:58,4
DA:59,2
DA:60,0
LF:18
LH:9
end_of_record
SF:lib/core/network/api_response.g.dart
DA:9,0
DA:10,0
DA:11,0
DA:12,0
DA:13,0
DA:14,0
DA:17,0
DA:18,0
DA:19,0
DA:20,0
DA:21,0
DA:22,0
LF:12
LH:0
end_of_record
SF:lib/core/config/env/environment.dart
DA:4,0
DA:6,0
DA:9,0
LF:3
LH:0
end_of_record
SF:lib/core/router/router.dart
DA:6,0
DA:9,0
DA:10,0
DA:11,0
DA:12,0
DA:16,0
DA:17,0
DA:20,0
DA:21,0
DA:24,0
DA:25,0
DA:28,0
DA:29,0
DA:32,0
DA:33,0
DA:36,0
DA:37,0
LF:17
LH:0
end_of_record
SF:lib/core/network/dto/base/base_response_dto.dart
DA:20,1
DA:24,1
LF:2
LH:2
end_of_record
SF:lib/core/network/dto/base/base_response_dto.g.dart
DA:9,1
DA:13,1
DA:14,1
DA:15,1
DA:16,2
DA:19,1
DA:23,1
DA:24,1
DA:25,1
DA:26,2
LF:10
LH:10
end_of_record
SF:lib/core/network/dto/base/base_response_dto.mock.dart
DA:4,3
DA:5,3
LF:2
LH:2
end_of_record
SF:lib/core/network/dto/base/base_response_dto.utils.dart
DA:4,3
LF:1
LH:1
end_of_record
SF:lib/core/network/dto/pagination/pagination_dto.dart
DA:9,0
DA:20,0
LF:2
LH:0
end_of_record
SF:lib/core/network/fail_response_ext.dart
DA:5,1
DA:6,1
DA:7,0
DA:8,0
DA:11,0
DA:14,0
DA:20,1
LF:7
LH:3
end_of_record
SF:lib/core/network/mock_api.dart
DA:8,0
LF:1
LH:0
end_of_record
SF:lib/feature/account/presentation/page/login/login_page.dart
DA:13,15
DA:15,1
DA:17,1
DA:18,3
DA:25,14
DA:27,1
DA:28,1
DA:32,1
DA:34,1
DA:37,1
DA:39,1
DA:42,1
DA:44,1
DA:45,1
DA:47,2
DA:48,3
DA:51,1
DA:52,1
DA:54,1
DA:55,0
DA:56,0
DA:61,1
DA:62,1
DA:64,2
DA:65,1
DA:66,1
DA:68,1
DA:70,1
DA:71,2
DA:74,1
DA:75,1
DA:76,1
DA:78,1
DA:79,3
DA:83,1
DA:86,1
DA:87,2
DA:88,1
DA:89,3
DA:93,1
DA:95,1
DA:96,1
DA:97,2
DA:98,1
DA:100,1
DA:101,2
DA:103,0
DA:105,0
DA:106,0
DA:110,1
DA:111,1
DA:112,1
DA:113,0
DA:114,0
DA:116,1
DA:117,1
DA:118,2
DA:122,1
DA:123,0
DA:124,1
DA:125,1
DA:126,2
DA:132,1
DA:133,1
DA:148,1
DA:152,1
DA:154,1
DA:155,1
DA:156,1
DA:160,0
DA:161,0
DA:164,1
DA:167,0
LF:73
LH:62
end_of_record
SF:lib/feature/account/presentation/page/sign_up/sign_up_page.dart
DA:11,15
DA:13,1
DA:15,1
DA:16,1
DA:17,1
DA:18,3
DA:20,1
DA:21,3
DA:23,1
DA:24,3
DA:27,1
DA:28,1
DA:29,1
DA:30,1
DA:31,2
DA:32,0
DA:34,3
DA:37,1
DA:38,3
DA:40,1
DA:41,3
DA:44,1
DA:45,1
DA:46,2
DA:47,0
DA:49,3
DA:52,1
DA:53,3
DA:55,1
DA:56,3
DA:59,1
DA:60,1
DA:61,1
DA:62,0
DA:64,0
DA:65,0
DA:66,0
DA:72,2
DA:73,2
DA:85,14
DA:87,1
DA:89,1
DA:90,1
DA:91,1
DA:92,2
DA:93,1
DA:94,1
DA:96,1
DA:98,1
DA:99,2
DA:102,2
DA:105,2
DA:106,1
DA:107,1
DA:108,1
DA:111,2
DA:114,2
DA:115,1
DA:117,2
DA:135,1
DA:137,1
DA:139,1
DA:140,1
DA:141,2
DA:147,14
DA:149,1
DA:151,1
DA:152,1
DA:153,1
DA:155,1
DA:156,3
DA:163,14
DA:165,1
DA:167,1
DA:168,1
DA:170,1
DA:172,1
DA:173,1
DA:175,1
DA:176,3
DA:183,14
DA:185,1
DA:187,1
DA:188,1
DA:189,1
DA:190,1
DA:191,1
DA:192,0
DA:193,0
DA:195,1
DA:196,3
DA:205,14
DA:207,1
DA:209,2
DA:210,1
DA:211,1
DA:212,1
DA:213,1
DA:214,1
DA:215,2
DA:216,1
DA:218,1
DA:219,2
DA:227,14
DA:229,1
DA:231,2
DA:232,1
DA:233,1
DA:234,1
DA:235,1
DA:236,0
DA:237,0
LF:112
LH:102
end_of_record
SF:lib/feature/job_posting/presentation/pages/job_posting_detail_page.dart
DA:16,0
DA:21,0
DA:23,0
DA:24,0
DA:25,0
DA:26,0
DA:27,0
DA:28,0
DA:32,0
DA:38,0
DA:40,0
DA:41,0
DA:42,0
DA:43,0
DA:45,0
DA:46,0
DA:47,0
DA:52,0
DA:53,0
DA:56,0
DA:57,0
DA:58,0
DA:59,0
DA:62,0
DA:64,0
DA:65,0
DA:69,0
DA:70,0
DA:71,0
DA:73,0
DA:74,0
DA:75,0
DA:76,0
DA:77,0
DA:78,0
DA:79,0
DA:81,0
DA:82,0
DA:84,0
DA:86,0
DA:88,0
DA:89,0
DA:92,0
DA:93,0
DA:96,0
DA:97,0
DA:100,0
DA:101,0
DA:102,0
DA:105,0
DA:106,0
DA:109,0
DA:111,0
DA:112,0
DA:115,0
DA:116,0
DA:119,0
DA:120,0
DA:121,0
DA:122,0
DA:123,0
DA:126,0
DA:127,0
DA:128,0
DA:131,0
DA:132,0
DA:133,0
DA:134,0
DA:135,0
DA:138,0
DA:139,0
DA:140,0
DA:143,0
DA:144,0
DA:145,0
DA:146,0
DA:147,0
DA:165,0
DA:167,0
DA:168,0
DA:169,0
DA:173,0
DA:175,0
DA:176,0
DA:179,0
DA:180,0
DA:190,0
DA:192,0
DA:194,0
DA:195,0
DA:201,0
DA:204,0
DA:219,0
DA:225,0
DA:227,0
DA:228,0
DA:229,0
DA:230,0
DA:232,0
DA:238,0
DA:239,0
DA:240,0
DA:247,0
DA:249,0
DA:250,0
DA:252,0
DA:253,0
DA:254,0
DA:255,0
DA:256,0
DA:259,0
DA:264,0
DA:265,0
DA:266,0
DA:270,0
DA:271,0
DA:272,0
DA:275,0
DA:276,0
DA:277,0
DA:284,0
DA:285,0
DA:287,0
DA:296,0
DA:297,0
DA:298,0
DA:301,0
DA:303,0
DA:306,0
DA:307,0
DA:308,0
DA:325,0
DA:327,0
DA:329,0
DA:330,0
DA:331,0
DA:340,0
DA:342,0
DA:344,0
DA:345,0
DA:346,0
DA:348,0
DA:349,0
DA:350,0
DA:361,0
DA:365,0
DA:367,0
DA:368,0
DA:369,0
DA:371,0
DA:372,0
DA:373,0
DA:384,0
DA:388,0
DA:390,0
DA:391,0
DA:392,0
DA:394,0
DA:395,0
DA:396,0
DA:409,0
DA:414,0
DA:416,0
DA:417,0
DA:418,0
DA:420,0
DA:421,0
DA:422,0
DA:423,0
DA:428,0
DA:429,0
DA:430,0
DA:441,0
DA:445,0
DA:447,0
DA:449,0
DA:450,0
DA:452,0
DA:453,0
DA:454,0
DA:457,0
DA:468,0
DA:470,0
DA:472,0
DA:474,0
DA:476,0
DA:477,0
DA:478,0
DA:479,0
DA:481,0
DA:493,0
DA:497,0
DA:499,0
DA:500,0
DA:514,0
DA:520,0
DA:522,0
DA:523,0
DA:524,0
DA:526,0
DA:527,0
DA:534,0
DA:535,0
DA:536,0
DA:551,0
DA:556,0
DA:558,0
DA:559,0
DA:560,0
DA:562,0
DA:563,0
DA:564,0
DA:565,0
DA:566,0
DA:570,0
DA:571,0
DA:572,0
LF:217
LH:0
end_of_record
SF:lib/feature/job_posting/presentation/pages/job_posting_form_page.dart
DA:16,0
DA:21,0
DA:23,0
DA:24,0
DA:25,0
DA:26,0
DA:27,0
DA:28,0
DA:31,0
DA:32,0
DA:33,0
DA:35,0
DA:38,0
DA:45,0
DA:47,0
DA:48,0
DA:49,0
DA:50,0
DA:52,0
DA:55,0
DA:57,0
DA:59,0
DA:60,0
DA:62,0
DA:64,0
DA:66,0
DA:68,0
DA:70,0
DA:72,0
DA:73,0
DA:75,0
DA:76,0
DA:78,0
DA:79,0
DA:81,0
DA:83,0
DA:85,0
DA:87,0
DA:88,0
DA:90,0
DA:91,0
DA:93,0
DA:94,0
DA:96,0
DA:97,0
DA:99,0
DA:101,0
DA:116,0
DA:118,0
DA:120,0
DA:121,0
DA:122,0
DA:129,0
DA:130,0
DA:136,0
DA:138,0
DA:139,0
DA:142,0
DA:144,0
DA:145,0
DA:148,0
DA:150,0
DA:151,0
DA:152,0
DA:153,0
DA:156,0
DA:157,0
DA:158,0
DA:159,0
DA:160,0
DA:162,0
DA:163,0
DA:172,0
DA:173,0
DA:179,0
DA:181,0
DA:182,0
DA:185,0
DA:187,0
DA:188,0
DA:191,0
DA:193,0
DA:194,0
DA:195,0
DA:196,0
DA:199,0
DA:200,0
DA:201,0
DA:202,0
DA:203,0
DA:204,0
DA:206,0
DA:207,0
DA:216,0
DA:218,0
DA:219,0
DA:220,0
DA:221,0
DA:222,0
DA:223,0
DA:224,0
DA:225,0
DA:226,0
DA:228,0
DA:229,0
DA:234,0
DA:243,0
DA:245,0
DA:246,0
DA:247,0
DA:249,0
DA:250,0
DA:252,0
DA:253,0
DA:254,0
DA:255,0
DA:256,0
DA:258,0
DA:259,0
DA:272,0
DA:274,0
DA:275,0
DA:276,0
DA:277,0
DA:278,0
DA:279,0
DA:280,0
DA:281,0
DA:283,0
DA:284,0
DA:286,0
DA:287,0
DA:289,0
DA:290,0
DA:291,0
DA:292,0
DA:293,0
DA:294,0
DA:310,0
DA:312,0
DA:313,0
DA:314,0
DA:315,0
DA:316,0
DA:319,0
DA:320,0
DA:323,0
DA:324,0
DA:326,0
DA:332,0
DA:333,0
DA:334,0
DA:335,0
DA:340,0
DA:341,0
DA:343,0
DA:344,0
DA:355,0
DA:357,0
DA:358,0
DA:359,0
DA:360,0
DA:361,0
DA:362,0
DA:363,0
DA:365,0
DA:366,0
DA:368,0
DA:369,0
DA:371,0
DA:372,0
DA:373,0
DA:374,0
DA:375,0
DA:376,0
DA:393,0
DA:395,0
DA:396,0
DA:397,0
DA:399,0
DA:400,0
DA:403,0
DA:404,0
DA:407,0
DA:408,0
DA:410,0
DA:416,0
DA:417,0
DA:418,0
DA:419,0
DA:424,0
DA:425,0
DA:427,0
DA:428,0
DA:439,0
DA:441,0
DA:442,0
DA:443,0
DA:445,0
DA:446,0
DA:448,0
DA:449,0
DA:450,0
DA:453,0
DA:454,0
DA:455,0
DA:456,0
DA:468,0
DA:470,0
DA:471,0
DA:472,0
DA:473,0
DA:474,0
DA:477,0
DA:478,0
DA:479,0
DA:480,0
DA:481,0
DA:483,0
DA:484,0
DA:488,0
DA:490,0
DA:492,0
DA:493,0
DA:494,0
DA:496,0
DA:497,0
DA:512,0
DA:513,0
DA:519,0
DA:521,0
DA:522,0
DA:525,0
DA:527,0
DA:528,0
DA:531,0
DA:533,0
DA:534,0
DA:535,0
DA:536,0
DA:537,0
DA:540,0
DA:542,0
DA:543,0
DA:545,0
DA:547,0
DA:548,0
DA:550,0
DA:551,0
DA:552,0
DA:556,0
DA:557,0
DA:559,0
DA:561,0
DA:562,0
DA:573,0
DA:574,0
DA:580,0
DA:582,0
DA:583,0
DA:586,0
DA:588,0
DA:589,0
DA:592,0
DA:594,0
DA:595,0
DA:596,0
DA:597,0
DA:600,0
DA:601,0
DA:603,0
DA:604,0
DA:605,0
DA:606,0
DA:607,0
DA:609,0
DA:611,0
DA:612,0
DA:616,0
DA:617,0
DA:619,0
DA:620,0
DA:622,0
DA:623,0
DA:624,0
DA:627,0
DA:628,0
DA:630,0
DA:631,0
DA:643,0
DA:644,0
DA:650,0
DA:652,0
DA:653,0
DA:656,0
DA:658,0
DA:659,0
DA:662,0
DA:664,0
DA:665,0
DA:666,0
DA:667,0
DA:670,0
DA:671,0
DA:673,0
DA:674,0
DA:675,0
DA:677,0
DA:678,0
DA:679,0
DA:689,0
DA:690,0
DA:696,0
DA:698,0
DA:699,0
DA:702,0
DA:704,0
DA:705,0
DA:708,0
DA:710,0
DA:711,0
DA:712,0
DA:713,0
DA:716,0
DA:717,0
DA:718,0
DA:720,0
DA:721,0
DA:730,0
DA:732,0
DA:733,0
DA:734,0
DA:736,0
DA:737,0
DA:739,0
DA:740,0
DA:741,0
DA:742,0
DA:754,0
DA:756,0
DA:757,0
DA:758,0
DA:759,0
DA:760,0
DA:762,0
DA:764,0
DA:765,0
DA:766,0
DA:767,0
DA:768,0
DA:770,0
DA:771,0
DA:775,0
DA:776,0
DA:777,0
DA:778,0
DA:780,0
DA:781,0
DA:795,0
DA:797,0
DA:798,0
DA:799,0
DA:801,0
DA:802,0
DA:804,0
DA:805,0
DA:806,0
DA:807,0
DA:819,0
DA:821,0
DA:822,0
DA:823,0
DA:824,0
DA:825,0
DA:827,0
DA:829,0
DA:830,0
DA:831,0
DA:832,0
DA:833,0
DA:835,0
DA:836,0
DA:840,0
DA:841,0
DA:842,0
DA:843,0
DA:845,0
DA:846,0
DA:860,0
DA:862,0
DA:863,0
DA:864,0
DA:866,0
DA:867,0
DA:869,0
DA:870,0
DA:871,0
DA:872,0
DA:884,0
DA:886,0
DA:887,0
DA:888,0
DA:889,0
DA:890,0
DA:892,0
DA:893,0
DA:894,0
DA:895,0
DA:897,0
DA:901,0
DA:903,0
DA:905,0
DA:907,0
LF:413
LH:0
end_of_record
SF:lib/feature/job_posting/presentation/pages/job_posting_workers_page.dart
DA:17,0
DA:22,0
DA:24,0
DA:25,0
DA:26,0
DA:27,0
DA:28,0
DA:30,0
DA:36,0
DA:38,0
DA:39,0
DA:40,0
DA:41,0
DA:43,0
DA:44,0
DA:46,0
DA:47,0
DA:52,0
DA:53,0
DA:54,0
DA:56,0
DA:58,0
DA:59,0
DA:60,0
DA:61,0
DA:63,0
DA:64,0
DA:68,0
DA:69,0
DA:70,0
DA:75,0
DA:76,0
DA:80,0
DA:81,0
DA:82,0
DA:83,0
DA:84,0
DA:88,0
DA:107,0
DA:113,0
DA:115,0
DA:116,0
DA:118,0
DA:120,0
DA:122,0
DA:124,0
DA:125,0
DA:128,0
DA:129,0
DA:130,0
DA:131,0
DA:133,0
DA:134,0
DA:135,0
DA:140,0
DA:141,0
DA:142,0
DA:155,0
DA:156,0
DA:163,0
DA:165,0
DA:166,0
DA:167,0
DA:168,0
DA:174,0
DA:177,0
DA:179,0
DA:180,0
DA:183,0
DA:185,0
DA:186,0
DA:187,0
DA:188,0
DA:190,0
DA:192,0
DA:193,0
DA:197,0
DA:198,0
DA:203,0
DA:204,0
DA:205,0
DA:206,0
DA:207,0
DA:208,0
DA:209,0
DA:210,0
DA:211,0
DA:212,0
DA:213,0
DA:214,0
DA:229,0
DA:230,0
DA:231,0
DA:232,0
DA:233,0
LF:95
LH:0
end_of_record
SF:lib/feature/job_posting/presentation/pages/job_postings_page.dart
DA:16,14
DA:18,0
DA:20,0
DA:21,0
DA:22,0
DA:23,0
DA:24,0
DA:25,0
DA:27,0
DA:33,0
DA:35,0
DA:37,0
DA:39,0
DA:40,0
DA:42,0
DA:43,0
DA:45,0
DA:50,0
DA:51,0
DA:70,14
DA:72,0
DA:74,0
DA:75,0
DA:76,0
DA:77,0
DA:78,0
DA:79,0
DA:80,0
DA:90,14
DA:92,0
DA:94,0
DA:95,0
DA:97,0
DA:99,0
DA:100,0
DA:114,14
DA:116,0
DA:117,0
DA:127,0
DA:130,0
DA:132,0
DA:133,0
DA:134,0
DA:137,0
DA:140,0
DA:142,0
DA:143,0
DA:146,0
DA:148,0
DA:149,0
DA:150,0
DA:151,0
DA:152,0
DA:153,0
DA:154,0
DA:156,0
DA:158,0
DA:159,0
DA:163,0
DA:164,0
DA:169,0
DA:170,0
DA:171,0
DA:175,0
DA:176,0
DA:178,0
DA:179,0
DA:181,0
DA:182,0
DA:187,0
DA:188,0
DA:192,0
DA:193,0
DA:201,0
DA:202,0
DA:203,0
DA:207,0
DA:208,0
DA:209,0
DA:210,0
DA:211,0
DA:217,0
DA:221,0
DA:222,0
DA:223,0
DA:227,0
DA:228,0
LF:87
LH:4
end_of_record
SF:lib/feature/splash/presentation/pages/splash_page.dart
DA:10,14
DA:12,0
DA:14,0
DA:15,0
DA:16,0
DA:22,0
DA:24,0
DA:25,0
DA:26,0
DA:27,0
DA:28,0
DA:31,0
DA:32,0
DA:33,0
DA:34,0
LF:15
LH:1
end_of_record
SF:lib/core/types/contract_type.dart
DA:26,0
DA:29,0
DA:32,0
DA:35,0
DA:36,0
LF:5
LH:0
end_of_record
SF:lib/core/utils/mixins/l10n_key_provider.dart
DA:11,3
LF:1
LH:1
end_of_record
SF:lib/core/types/gender_type.dart
DA:21,2
DA:23,2
DA:26,1
DA:27,1
DA:28,2
DA:30,1
DA:34,0
LF:7
LH:6
end_of_record
SF:lib/core/types/job_category_type.dart
DA:32,0
DA:35,0
DA:36,0
LF:3
LH:0
end_of_record
SF:lib/core/types/job_posting_status_type.dart
DA:36,0
LF:1
LH:0
end_of_record
SF:lib/core/types/pay_type.dart
DA:26,0
DA:29,0
DA:30,0
LF:3
LH:0
end_of_record
SF:lib/core/types/visible_type.dart
DA:8,6
DA:10,2
DA:13,3
LF:3
LH:3
end_of_record
SF:lib/core/utils/bloc/base_bloc_state.dart
DA:5,8
DA:7,16
DA:9,10
DA:11,0
DA:13,8
DA:15,8
DA:17,2
DA:19,8
DA:21,4
DA:23,2
DA:25,0
DA:42,0
LF:12
LH:9
end_of_record
SF:lib/core/utils/bloc/base_bloc.dart
DA:10,3
LF:1
LH:1
end_of_record
SF:lib/core/utils/either/either.dart
DA:13,0
DA:14,0
DA:15,0
DA:18,0
DA:19,0
DA:20,0
LF:6
LH:0
end_of_record
SF:lib/core/utils/extensions/date_ext.dart
DA:7,0
DA:8,0
DA:9,0
LF:3
LH:0
end_of_record
SF:lib/core/utils/extensions/theme_ext.dart
DA:4,12
DA:8,3
DA:12,12
DA:16,0
LF:4
LH:3
end_of_record
SF:lib/core/utils/extensions/string_ext.dart
DA:5,0
DA:6,0
DA:10,0
DA:13,0
DA:16,0
DA:20,2
DA:21,4
DA:22,0
DA:23,0
DA:28,2
DA:29,4
DA:30,4
DA:31,4
DA:34,0
LF:14
LH:6
end_of_record
SF:lib/core/utils/extensions/key_ext.dart
DA:4,1
DA:5,3
LF:2
LH:2
end_of_record
SF:lib/core/utils/injections.dart
DA:7,12
DA:9,6
DA:11,0
DA:12,0
DA:15,0
DA:16,0
DA:19,0
DA:20,0
DA:21,0
DA:22,0
DA:23,0
DA:24,0
LF:12
LH:2
end_of_record
SF:lib/feature/job_posting/init_injections.dart
DA:7,0
DA:8,0
DA:9,0
DA:11,0
DA:12,0
DA:14,0
DA:15,0
DA:17,0
DA:18,0
DA:20,0
DA:21,0
DA:23,0
DA:24,0
DA:26,0
DA:27,0
DA:29,0
DA:30,0
DA:32,0
DA:33,0
DA:35,0
DA:36,0
LF:21
LH:0
end_of_record
SF:lib/core/utils/logger/logger.dart
DA:3,0
DA:4,0
LF:2
LH:0
end_of_record
SF:lib/core/utils/mixins/translatable.dart
DA:7,0
LF:1
LH:0
end_of_record
SF:lib/core/utils/mixins/widget_key_utils.dart
DA:6,5
DA:7,10
DA:10,1
DA:11,3
LF:4
LH:4
end_of_record
SF:lib/core/utils/regex/regex_util.dart
DA:3,9
DA:8,9
DA:13,9
DA:18,6
DA:23,3
LF:5
LH:5
end_of_record
SF:lib/core/utils/resource/job_posting_validation_message.dart
DA:21,0
LF:1
LH:0
end_of_record
SF:lib/core/utils/resource/string_res.dart
DA:96,27
LF:1
LH:1
end_of_record
SF:lib/core/utils/theme/custom_theme.dart
DA:5,0
DA:7,0
DA:8,0
DA:10,0
DA:11,0
DA:12,0
DA:20,0
DA:27,0
DA:34,0
LF:9
LH:0
end_of_record
SF:lib/core/utils/timer/debouncer.dart
DA:9,2
DA:11,2
DA:12,2
DA:13,0
DA:15,8
LF:5
LH:4
end_of_record
SF:lib/core/utils/validation/validation_result.dart
DA:9,0
DA:15,0
DA:16,0
DA:20,0
DA:23,0
LF:5
LH:0
end_of_record
SF:lib/feature/account/init_injections.dart
DA:4,0
DA:5,0
DA:6,0
DA:7,0
DA:10,0
DA:11,0
DA:12,0
DA:13,0
DA:14,0
DA:16,0
DA:17,0
DA:19,0
DA:20,0
DA:21,0
DA:22,0
DA:27,0
DA:28,0
DA:29,0
DA:31,0
DA:32,0
DA:34,0
DA:35,0
DA:37,0
DA:38,0
DA:42,0
DA:43,0
DA:44,0
DA:46,0
DA:47,0
DA:49,0
DA:50,0
DA:52,0
DA:53,0
LF:33
LH:0
end_of_record
SF:lib/feature/account/data/repository/repository_impl.dart
DA:13,1
DA:19,1
DA:23,2
DA:27,0
DA:31,0
DA:35,0
DA:37,0
DA:41,0
DA:45,0
DA:49,0
DA:53,0
DA:57,0
DA:61,0
DA:65,0
DA:69,0
LF:15
LH:3
end_of_record
SF:lib/feature/account/data/data_sources/dto/auth_code_verification/request/auth_code_verification_request_dto.dart
DA:14,0
DA:15,0
LF:2
LH:0
end_of_record
SF:lib/feature/account/data/data_sources/dto/auth_code_verification/request/auth_code_verification_request_dto.g.dart
DA:9,0
DA:11,0
DA:12,0
DA:13,0
DA:16,0
DA:18,0
DA:19,0
DA:20,0
LF:8
LH:0
end_of_record
SF:lib/feature/account/data/data_sources/dto/send_auth_code/send_auth_code_response_dto.dart
DA:17,0
DA:18,0
LF:2
LH:0
end_of_record
SF:lib/feature/account/data/data_sources/dto/send_auth_code/send_auth_code_response_dto.g.dart
DA:9,0
DA:11,0
DA:12,0
DA:13,0
DA:16,0
DA:18,0
DA:19,0
DA:20,0
LF:8
LH:0
end_of_record
SF:lib/feature/account/data/data_sources/dto/send_auth_code/send_auth_code_response_dto.mock.dart
DA:5,1
DA:6,1
DA:13,0
DA:14,0
LF:4
LH:2
end_of_record
SF:lib/feature/account/data/data_sources/dto/login/request/login_request_dto.dart
DA:19,0
DA:20,0
LF:2
LH:0
end_of_record
SF:lib/feature/account/data/data_sources/dto/login/request/login_request_dto.g.dart
DA:9,0
DA:11,0
DA:12,0
DA:13,0
DA:14,0
DA:15,0
DA:18,1
DA:20,1
DA:21,2
DA:22,2
DA:23,1
DA:24,1
LF:12
LH:6
end_of_record
SF:lib/feature/account/data/data_sources/dto/login/request/login_request_dto.mock.dart
DA:4,3
DA:5,3
LF:2
LH:2
end_of_record
SF:lib/feature/account/data/data_sources/dto/login/response/login_response_dto.dart
DA:23,1
DA:24,1
LF:2
LH:2
end_of_record
SF:lib/feature/account/data/data_sources/dto/login/response/login_response_dto.g.dart
DA:9,1
DA:11,1
DA:12,1
DA:13,1
DA:14,1
DA:15,1
DA:16,1
DA:17,1
DA:18,2
DA:20,2
DA:23,1
DA:25,1
DA:26,1
DA:27,1
DA:28,1
DA:29,1
DA:30,1
DA:31,1
DA:32,1
DA:33,2
LF:20
LH:20
end_of_record
SF:lib/feature/account/data/data_sources/dto/login/response/login_response_dto.mock.dart
DA:4,3
DA:5,3
DA:17,2
DA:18,2
LF:4
LH:4
end_of_record
SF:lib/feature/account/data/data_sources/dto/sign_up/request/sign_up_request_dto.dart
DA:22,0
DA:23,0
LF:2
LH:0
end_of_record
SF:lib/feature/account/data/data_sources/dto/sign_up/request/sign_up_request_dto.g.dart
DA:9,0
DA:11,0
DA:12,0
DA:13,0
DA:14,0
DA:15,0
DA:16,0
DA:17,0
DA:18,0
DA:21,1
DA:23,1
DA:24,1
DA:25,1
DA:26,2
DA:27,2
DA:28,1
DA:29,2
DA:30,1
LF:18
LH:9
end_of_record
SF:lib/feature/account/data/data_sources/dto/sign_up/request/sign_up_request_dto.mock.dart
DA:4,2
DA:5,2
DA:11,2
LF:3
LH:3
end_of_record
SF:lib/feature/account/data/data_sources/dto/sign_up/response/sign_up_response_dto.dart
DA:25,1
DA:26,1
LF:2
LH:2
end_of_record
SF:lib/feature/account/data/data_sources/dto/sign_up/response/sign_up_response_dto.g.dart
DA:9,1
DA:11,1
DA:12,1
DA:13,1
DA:14,1
DA:15,1
DA:16,1
DA:17,2
DA:18,1
DA:20,2
DA:21,2
DA:24,1
DA:26,1
DA:27,1
DA:28,1
DA:29,1
DA:30,1
DA:31,1
DA:32,1
DA:33,2
DA:34,2
LF:21
LH:21
end_of_record
SF:lib/feature/account/data/data_sources/dto/sign_up/response/sign_up_response_dto.mock.dart
DA:4,2
DA:5,2
DA:6,2
DA:13,2
DA:19,2
DA:20,2
DA:21,2
LF:7
LH:7
end_of_record
SF:lib/feature/account/data/data_sources/mock/mock_api.dart
DA:9,0
DA:10,0
DA:14,0
DA:19,0
DA:20,0
DA:21,0
DA:23,0
DA:26,0
DA:29,0
DA:33,0
DA:38,0
DA:39,0
DA:40,0
DA:42,0
DA:45,0
DA:48,0
DA:52,0
DA:56,0
DA:59,0
DA:60,0
DA:61,0
DA:63,0
DA:66,0
DA:69,0
DA:73,0
DA:77,0
DA:80,0
DA:81,0
DA:82,0
DA:84,0
DA:87,0
DA:89,0
DA:93,0
DA:98,0
DA:99,0
DA:100,0
DA:102,0
DA:103,0
DA:107,0
DA:110,0
LF:40
LH:0
end_of_record
SF:lib/feature/account/domain/repository/repository.dart
DA:11,0
LF:1
LH:0
end_of_record
SF:lib/feature/account/domain/entity/auth_code_verification/auth_code_verification_entity.mock.dart
DA:4,0
DA:5,0
DA:11,0
DA:12,0
LF:4
LH:0
end_of_record
SF:lib/feature/account/domain/entity/auth_code_verification/auth_code_verification_entity.parser.dart
DA:6,0
DA:7,0
DA:8,0
DA:9,0
LF:4
LH:0
end_of_record
SF:lib/feature/account/domain/entity/send_auth_code/send_auth_code_result_entity.mock.dart
DA:4,1
DA:5,1
DA:8,1
DA:9,1
DA:11,1
LF:5
LH:5
end_of_record
SF:lib/feature/account/domain/entity/send_auth_code/send_auth_code_result_entity.parser.dart
DA:5,1
DA:6,1
DA:7,1
DA:8,1
LF:4
LH:4
end_of_record
SF:lib/feature/account/domain/entity/login/request/login_request_entity.converter.dart
DA:5,1
DA:6,1
DA:7,1
DA:8,1
DA:9,1
DA:10,1
LF:6
LH:6
end_of_record
SF:lib/feature/account/domain/entity/login/request/login_request_entity.mock.dart
DA:4,1
DA:5,1
LF:2
LH:2
end_of_record
SF:lib/feature/account/domain/entity/login/result/login_result_entity.converter.dart
DA:5,1
DA:6,3
DA:9,1
DA:12,1
DA:13,1
DA:14,1
DA:15,1
DA:18,1
DA:19,1
DA:21,1
LF:10
LH:10
end_of_record
SF:lib/feature/account/domain/entity/sign_up/request/sign_up_request_entity.mock.dart
DA:4,2
DA:5,2
LF:2
LH:2
end_of_record
SF:lib/feature/account/domain/entity/sign_up/request/sign_up_request_entity.parser.dart
DA:5,1
DA:6,1
DA:7,1
DA:8,1
DA:9,1
DA:10,1
DA:11,1
DA:12,1
DA:18,1
DA:19,1
DA:20,2
DA:21,2
DA:22,1
DA:23,1
DA:24,2
DA:25,2
DA:26,2
LF:17
LH:17
end_of_record
SF:lib/feature/account/domain/entity/sign_up/result/sign_up_result_entity.mock.dart
DA:4,1
DA:5,1
DA:10,1
DA:11,1
DA:17,1
DA:18,1
DA:20,1
LF:7
LH:7
end_of_record
SF:lib/feature/account/domain/entity/sign_up/result/sign_up_result_entity.parser.dart
DA:5,1
DA:6,1
DA:7,2
DA:8,2
LF:4
LH:4
end_of_record
SF:lib/feature/account/domain/usecase/email_duplicate_check/email_duplicate_check_usecase.dart
DA:9,0
LF:1
LH:0
end_of_record
SF:lib/feature/account/domain/usecase/email_duplicate_check/email_duplicate_check_usecase.impl.dart
DA:7,1
DA:9,1
DA:13,2
DA:17,1
DA:18,1
DA:19,2
DA:21,2
DA:25,1
DA:26,1
LF:9
LH:9
end_of_record
SF:lib/feature/account/domain/usecase/login/login_usecase.impl.dart
DA:7,1
DA:10,1
DA:14,2
DA:15,1
DA:18,3
DA:20,1
DA:24,1
DA:27,1
DA:28,2
DA:33,0
DA:35,0
DA:36,0
LF:12
LH:9
end_of_record
SF:lib/feature/account/domain/usecase/login/login_usecase.dart
DA:10,0
LF:1
LH:0
end_of_record
SF:lib/feature/account/domain/usecase/phone_auth/phone_auth_usecase.dart
DA:10,0
LF:1
LH:0
end_of_record
SF:lib/feature/account/domain/usecase/phone_auth/phone_auth_usecase.impl.dart
DA:7,1
DA:10,1
DA:14,2
DA:16,1
DA:17,2
DA:18,2
DA:23,0
DA:27,0
DA:28,0
DA:31,0
LF:10
LH:6
end_of_record
SF:lib/feature/account/domain/usecase/sign_up/sign_up_usecase.dart
DA:8,0
LF:1
LH:0
end_of_record
SF:lib/feature/account/domain/usecase/sign_up/sign_up_usecase_impl.dart
DA:7,1
DA:9,1
DA:11,3
DA:13,1
DA:14,2
DA:15,2
LF:6
LH:6
end_of_record
SF:lib/feature/account/presentation/bloc/login/login_event.dart
DA:12,3
DA:14,2
DA:21,3
DA:23,2
DA:28,1
DA:35,2
DA:40,0
LF:7
LH:6
end_of_record
SF:lib/feature/account/presentation/bloc/login/login_bloc.dart
DA:19,1
DA:21,1
DA:22,2
DA:24,2
DA:25,2
DA:26,2
DA:27,2
DA:28,2
DA:29,2
LF:9
LH:9
end_of_record
SF:lib/feature/account/presentation/bloc/login/login_bloc.handler.dart
DA:5,0
DA:9,0
DA:10,0
DA:16,1
DA:17,4
DA:18,2
DA:19,2
DA:20,2
DA:25,2
DA:29,5
DA:30,1
DA:34,2
DA:38,5
DA:39,1
DA:43,2
DA:47,5
DA:49,2
DA:50,1
DA:53,4
DA:54,1
DA:55,1
DA:60,2
DA:64,4
DA:65,1
DA:70,0
DA:74,0
DA:75,0
LF:27
LH:21
end_of_record
SF:lib/feature/account/presentation/bloc/login/login_bloc_converter.dart
DA:4,1
DA:5,1
DA:6,2
DA:8,3
DA:9,3
LF:5
LH:5
end_of_record
SF:lib/feature/account/presentation/bloc/login/login_state.dart
DA:31,1
DA:35,2
DA:39,5
LF:3
LH:3
end_of_record
SF:lib/feature/account/presentation/bloc/phone_auth/phone_auth_event.dart
DA:9,3
DA:11,3
DA:13,1
DA:14,2
DA:19,1
DA:20,1
DA:27,3
DA:29,3
DA:31,1
DA:32,1
LF:10
LH:10
end_of_record
SF:lib/feature/account/presentation/bloc/phone_auth/phone_auth_bloc.dart
DA:22,1
DA:24,1
DA:25,2
DA:27,2
DA:28,2
DA:29,2
LF:6
LH:6
end_of_record
SF:lib/feature/account/presentation/bloc/phone_auth/phone_auth_bloc.handler.dart
DA:4,1
DA:5,3
DA:6,1
DA:10,2
DA:14,4
DA:15,1
DA:20,2
DA:24,2
DA:26,2
DA:27,3
DA:30,4
DA:31,1
DA:36,2
DA:40,4
DA:41,1
DA:44,2
DA:45,2
DA:47,4
DA:48,1
DA:49,1
DA:55,1
DA:56,2
DA:57,1
DA:60,1
LF:24
LH:24
end_of_record
SF:lib/feature/account/presentation/bloc/phone_auth/phone_auth_bloc.parser.dart
DA:4,1
DA:5,1
DA:6,3
DA:7,3
LF:4
LH:4
end_of_record
SF:lib/feature/account/presentation/bloc/phone_auth/phone_auth_state.dart
DA:21,5
DA:24,3
DA:27,6
DA:30,3
LF:4
LH:4
end_of_record
SF:lib/feature/account/presentation/bloc/email_duplicate_check/email_duplicate_check_event.dart
DA:9,3
DA:11,3
DA:13,1
DA:14,2
LF:4
LH:4
end_of_record
SF:lib/feature/account/presentation/bloc/email_duplicate_check/email_duplicate_check_bloc.dart
DA:22,1
DA:24,1
DA:25,2
DA:27,2
LF:4
LH:4
end_of_record
SF:lib/feature/account/presentation/bloc/email_duplicate_check/email_duplicate_check_bloc.handler.dart
DA:4,1
DA:5,3
DA:6,1
DA:10,2
DA:14,5
DA:17,2
DA:18,2
DA:23,1
DA:27,2
DA:29,2
DA:31,4
DA:32,1
DA:34,2
LF:13
LH:13
end_of_record
SF:lib/feature/account/presentation/bloc/email_duplicate_check/email_duplicate_check_state.dart
DA:22,0
DA:25,3
LF:2
LH:1
end_of_record
SF:lib/feature/account/presentation/bloc/sign_up/sign_up_event.dart
DA:7,1
DA:12,2
DA:17,1
DA:24,2
DA:26,3
DA:33,2
DA:35,3
DA:42,2
DA:49,2
DA:56,2
DA:66,2
DA:68,3
DA:75,1
DA:82,1
DA:89,2
DA:91,3
LF:16
LH:16
end_of_record
SF:lib/feature/account/presentation/bloc/sign_up/sign_up_bloc.dart
DA:21,1
DA:23,1
DA:24,2
DA:26,2
DA:27,2
DA:28,2
DA:29,2
DA:30,2
DA:31,2
DA:32,2
DA:33,2
DA:34,2
DA:35,2
DA:36,2
DA:37,2
DA:38,2
DA:39,2
LF:17
LH:17
end_of_record
SF:lib/feature/account/presentation/bloc/sign_up/sign_up_bloc.handler.dart
DA:4,2
DA:8,4
DA:9,1
DA:13,2
DA:17,4
DA:18,1
DA:22,2
DA:26,4
DA:29,2
DA:33,5
DA:36,2
DA:40,5
DA:43,2
DA:47,5
DA:50,2
DA:54,5
DA:57,2
DA:61,5
DA:64,0
DA:68,0
DA:71,0
DA:75,0
DA:78,2
DA:82,6
DA:85,2
DA:89,4
DA:90,1
DA:93,4
DA:94,2
DA:98,2
DA:102,4
DA:103,1
DA:106,4
DA:107,2
DA:111,2
DA:115,5
DA:117,2
DA:118,2
DA:121,1
DA:122,5
DA:124,4
DA:125,1
DA:126,1
LF:43
LH:39
end_of_record
SF:lib/feature/account/presentation/bloc/sign_up/sign_up_state.dart
DA:24,3
DA:27,1
DA:28,2
DA:31,1
DA:32,5
DA:36,2
DA:38,1
DA:39,2
DA:40,0
DA:41,0
DA:42,0
DA:43,0
DA:44,0
LF:13
LH:8
end_of_record
SF:lib/feature/account/presentation/page/sign_up/sign_up_page_key.dart
DA:15,1
DA:17,1
LF:2
LH:2
end_of_record
SF:lib/feature/account/presentation/widget/email_duplicate_check/email_duplicate_check_key.dart
DA:11,2
DA:13,2
LF:2
LH:2
end_of_record
SF:lib/feature/account/presentation/widget/email_duplicate_check/email_duplicate_check_widget.dart
DA:13,2
DA:18,2
DA:20,2
DA:21,6
DA:22,2
DA:23,2
DA:24,2
DA:25,2
DA:26,2
DA:27,2
DA:28,2
DA:29,2
DA:30,4
DA:31,2
DA:32,6
DA:34,2
DA:35,4
LF:17
LH:17
end_of_record
SF:lib/feature/account/presentation/widget/gender_select/gender_select.dart
DA:10,1
DA:15,1
DA:17,1
DA:18,1
DA:19,1
DA:20,2
DA:21,1
DA:22,3
DA:24,2
DA:28,1
DA:38,1
DA:44,2
DA:46,1
DA:53,1
DA:60,4
DA:62,1
DA:64,1
DA:65,2
DA:66,1
DA:67,4
DA:69,1
DA:72,1
DA:73,1
DA:75,1
DA:76,2
DA:77,3
DA:78,1
LF:27
LH:27
end_of_record
SF:lib/feature/account/presentation/widget/login_tab/login_tab.dart
DA:13,1
DA:19,1
DA:21,1
DA:22,1
DA:23,2
DA:24,1
DA:25,2
LF:7
LH:7
end_of_record
SF:lib/feature/account/presentation/widget/login_tab/login_tab_data.dart
DA:6,1
DA:11,2
DA:12,1
DA:13,1
DA:16,1
DA:17,1
DA:23,1
DA:24,5
LF:8
LH:8
end_of_record
SF:lib/shared/widgets/tab/widget/base_tab_data.dart
DA:9,1
DA:14,1
DA:15,3
LF:3
LH:3
end_of_record
SF:lib/feature/account/presentation/widget/phone_auth/phone_auth_widget.dart
DA:10,16
DA:12,2
DA:14,2
DA:15,6
DA:28,14
DA:30,2
DA:32,2
DA:33,2
DA:34,2
DA:35,2
DA:36,2
DA:39,2
DA:40,2
DA:43,2
DA:45,2
DA:46,4
DA:56,14
DA:58,2
DA:60,2
DA:61,2
DA:62,2
DA:63,2
DA:64,1
DA:65,1
DA:68,3
DA:70,2
DA:71,2
DA:72,4
DA:82,14
DA:84,2
DA:86,2
DA:87,2
DA:88,2
DA:89,2
DA:90,2
DA:91,4
DA:92,2
DA:95,2
DA:96,2
DA:98,2
DA:100,2
DA:101,4
LF:42
LH:42
end_of_record
SF:lib/feature/account/presentation/widget/phone_auth/phone_auth_widget_key.dart
DA:13,2
DA:15,2
LF:2
LH:2
end_of_record
SF:lib/feature/account/type/auth_code.dart
DA:7,17
DA:11,1
DA:12,2
DA:14,4
LF:4
LH:4
end_of_record
SF:lib/feature/account/type/birth_date.dart
DA:8,29
DA:12,1
DA:13,2
DA:15,4
DA:17,6
LF:5
LH:5
end_of_record
SF:lib/feature/account/type/email.dart
DA:7,34
DA:11,3
DA:12,9
DA:14,3
DA:15,6
LF:5
LH:5
end_of_record
SF:lib/feature/account/type/login_id.dart
DA:6,34
LF:1
LH:1
end_of_record
SF:lib/feature/account/type/name.dart
DA:8,29
DA:12,1
DA:13,2
DA:15,8
LF:4
LH:4
end_of_record
SF:lib/feature/account/type/password.dart
DA:8,34
DA:12,2
DA:13,4
DA:15,12
DA:17,1
DA:18,3
LF:6
LH:6
end_of_record
SF:lib/feature/account/type/phone.dart
DA:8,34
DA:12,2
DA:13,4
DA:15,2
DA:16,2
DA:18,12
LF:6
LH:6
end_of_record
SF:lib/feature/company/data/data_sources/dto/base/company_dto.dart
DA:18,0
DA:19,0
DA:22,0
LF:3
LH:0
end_of_record
SF:lib/feature/company/data/data_sources/dto/base/company_dto.g.dart
DA:9,0
DA:10,0
DA:11,0
DA:12,0
DA:13,0
DA:16,0
DA:17,0
DA:18,0
DA:19,0
DA:20,0
LF:10
LH:0
end_of_record
SF:lib/feature/company/data/data_sources/dto/base/company_dto.mock.dart
DA:5,0
LF:1
LH:0
end_of_record
SF:lib/feature/job_posting/data/repositories/repository_impl.dart
DA:9,0
DA:14,0
DA:19,0
DA:26,0
DA:30,0
DA:34,0
DA:39,0
DA:46,0
DA:50,0
DA:54,0
DA:58,0
DA:62,0
DA:66,0
DA:70,0
DA:75,0
LF:15
LH:0
end_of_record
SF:lib/feature/job_posting/data/data_sources/dto/detail/job_posting_detail_dto.dart
DA:42,0
DA:43,0
DA:46,0
DA:47,0
LF:4
LH:0
end_of_record
SF:lib/feature/job_posting/data/data_sources/dto/detail/job_posting_detail_dto.g.dart
DA:9,0
DA:11,0
DA:12,0
DA:13,0
DA:14,0
DA:15,0
DA:16,0
DA:18,0
DA:19,0
DA:20,0
DA:21,0
DA:22,0
DA:23,0
DA:24,0
DA:25,0
DA:26,0
DA:27,0
DA:28,0
DA:29,0
DA:30,0
DA:31,0
DA:32,0
DA:33,0
DA:34,0
DA:36,0
DA:37,0
DA:39,0
DA:40,0
DA:41,0
DA:44,0
DA:46,0
DA:47,0
DA:48,0
DA:49,0
DA:50,0
DA:51,0
DA:52,0
DA:53,0
DA:54,0
DA:55,0
DA:56,0
DA:57,0
DA:58,0
DA:59,0
DA:60,0
DA:61,0
DA:62,0
DA:63,0
DA:64,0
DA:65,0
DA:66,0
DA:67,0
DA:68,0
DA:69,0
DA:70,0
DA:71,0
LF:56
LH:0
end_of_record
SF:lib/feature/job_posting/data/data_sources/dto/detail/job_posting_detail_dto.mock.dart
DA:5,0
DA:8,0
DA:10,0
DA:16,0
DA:17,0
LF:5
LH:0
end_of_record
SF:lib/feature/job_posting/data/data_sources/dto/list/job_postings_item_dto.dart
DA:23,0
DA:24,0
LF:2
LH:0
end_of_record
SF:lib/feature/job_posting/data/data_sources/dto/list/job_postings_item_dto.g.dart
DA:9,0
DA:11,0
DA:12,0
DA:13,0
DA:14,0
DA:15,0
DA:16,0
DA:17,0
DA:19,0
DA:20,0
DA:21,0
DA:24,0
DA:26,0
DA:27,0
DA:28,0
DA:29,0
DA:30,0
DA:31,0
DA:32,0
DA:33,0
DA:34,0
LF:21
LH:0
end_of_record
SF:lib/feature/job_posting/data/data_sources/dto/list/job_postings_item_dto.mock.dart
DA:4,0
DA:8,0
DA:13,0
DA:14,0
LF:4
LH:0
end_of_record
SF:lib/feature/job_posting/data/data_sources/dto/list/job_postings_dto.dart
DA:24,0
DA:25,0
LF:2
LH:0
end_of_record
SF:lib/feature/job_posting/data/data_sources/dto/list/job_postings_dto.g.dart
DA:9,0
DA:10,0
DA:11,0
DA:12,0
DA:13,0
DA:14,0
DA:15,0
DA:16,0
DA:17,0
DA:20,0
DA:22,0
DA:23,0
DA:24,0
DA:25,0
DA:26,0
DA:27,0
LF:16
LH:0
end_of_record
SF:lib/feature/job_posting/data/data_sources/dto/list/job_postings_dto.mock.dart
DA:4,0
DA:10,0
DA:11,0
DA:13,0
DA:14,0
DA:19,0
LF:6
LH:0
end_of_record
SF:lib/feature/job_posting/data/data_sources/dto/request/job_posting_request_dto.dart
DA:34,0
DA:35,0
LF:2
LH:0
end_of_record
SF:lib/feature/job_posting/data/data_sources/dto/request/job_posting_request_dto.g.dart
DA:9,0
DA:11,0
DA:12,0
DA:13,0
DA:14,0
DA:15,0
DA:16,0
DA:17,0
DA:18,0
DA:19,0
DA:20,0
DA:21,0
DA:22,0
DA:23,0
DA:24,0
DA:25,0
DA:26,0
DA:27,0
DA:28,0
DA:29,0
DA:31,0
DA:32,0
DA:34,0
DA:35,0
DA:36,0
DA:39,0
DA:41,0
DA:42,0
DA:43,0
DA:44,0
DA:45,0
DA:46,0
DA:47,0
DA:48,0
DA:49,0
DA:50,0
DA:51,0
DA:52,0
DA:53,0
DA:54,0
DA:55,0
DA:56,0
DA:57,0
DA:58,0
DA:59,0
DA:60,0
DA:61,0
DA:62,0
LF:48
LH:0
end_of_record
SF:lib/feature/job_posting/data/data_sources/dto/worker/job_posting_worker_dto.dart
DA:20,0
DA:21,0
LF:2
LH:0
end_of_record
SF:lib/feature/job_posting/data/data_sources/dto/worker/job_posting_worker_dto.g.dart
DA:9,0
DA:11,0
DA:12,0
DA:14,0
DA:15,0
DA:16,0
DA:18,0
DA:19,0
DA:21,0
DA:24,0
DA:26,0
DA:27,0
DA:28,0
DA:29,0
DA:30,0
DA:31,0
LF:16
LH:0
end_of_record
SF:lib/feature/job_posting/data/data_sources/dto/worker/job_posting_worker_dto.mock.dart
DA:4,0
DA:7,0
DA:10,0
DA:11,0
DA:12,0
LF:5
LH:0
end_of_record
SF:lib/feature/job_posting/data/data_sources/dto/workers/job_posting_workers_dto.dart
DA:27,0
DA:28,0
LF:2
LH:0
end_of_record
SF:lib/feature/job_posting/data/data_sources/dto/workers/job_posting_workers_dto.g.dart
DA:9,0
DA:11,0
DA:12,0
DA:13,0
DA:14,0
DA:15,0
DA:16,0
DA:17,0
DA:18,0
DA:19,0
DA:20,0
DA:21,0
DA:22,0
DA:25,0
DA:27,0
DA:28,0
DA:29,0
DA:30,0
DA:31,0
DA:32,0
DA:33,0
DA:34,0
DA:35,0
DA:36,0
LF:24
LH:0
end_of_record
SF:lib/feature/job_posting/data/data_sources/dto/workers/job_posting_workers_dto.mock.dart
DA:4,0
DA:8,0
DA:9,0
DA:10,0
DA:11,0
DA:15,0
DA:18,0
DA:19,0
LF:8
LH:0
end_of_record
SF:lib/feature/job_posting/data/data_sources/mock/job_posting_mock_api.dart
DA:8,0
DA:14,0
DA:15,0
DA:16,0
DA:18,0
DA:21,0
DA:26,0
DA:27,0
DA:30,0
DA:31,0
DA:32,0
DA:36,0
DA:37,0
DA:45,0
DA:50,0
DA:51,0
DA:52,0
DA:54,0
DA:57,0
DA:60,0
DA:61,0
DA:62,0
DA:65,0
DA:66,0
DA:67,0
DA:71,0
DA:72,0
DA:80,0
DA:86,0
DA:88,0
DA:90,0
DA:92,0
DA:95,0
DA:98,0
DA:100,0
DA:103,0
DA:104,0
DA:105,0
DA:109,0
DA:110,0
DA:118,0
DA:123,0
DA:125,0
DA:127,0
DA:129,0
DA:134,0
DA:136,0
DA:137,0
DA:138,0
DA:142,0
DA:143,0
DA:151,0
DA:156,0
DA:158,0
DA:160,0
DA:162,0
DA:167,0
DA:169,0
DA:170,0
DA:171,0
DA:175,0
DA:176,0
DA:184,0
DA:189,0
DA:191,0
DA:193,0
DA:195,0
DA:200,0
DA:201,0
DA:202,0
DA:210,0
DA:217,0
DA:219,0
DA:221,0
DA:226,0
DA:228,0
DA:229,0
DA:230,0
DA:231,0
DA:235,0
DA:237,0
LF:81
LH:0
end_of_record
SF:lib/feature/job_posting/data/data_sources/remote/job_posting_api_impl.dart
DA:9,0
DA:18,0
DA:26,0
DA:35,0
DA:43,0
DA:51,0
DA:59,0
LF:7
LH:0
end_of_record
SF:lib/feature/job_posting/domain/usecases/usecases_impl.dart
DA:6,0
DA:11,0
DA:16,0
DA:21,0
DA:22,0
DA:23,0
DA:25,0
DA:26,0
DA:32,0
DA:37,0
DA:41,0
DA:45,0
DA:47,0
DA:53,0
DA:57,0
DA:60,0
DA:64,0
DA:68,0
DA:75,0
DA:79,0
DA:81,0
DA:82,0
DA:83,0
DA:85,0
DA:86,0
DA:88,0
DA:89,0
DA:95,0
DA:99,0
DA:101,0
DA:102,0
DA:103,0
DA:105,0
DA:106,0
DA:108,0
DA:109,0
DA:115,0
DA:119,0
DA:121,0
DA:122,0
DA:123,0
DA:125,0
DA:127,0
DA:128,0
DA:134,0
DA:139,0
DA:144,0
DA:145,0
DA:146,0
DA:148,0
DA:149,0
DA:157,0
DA:158,0
DA:159,0
DA:163,0
DA:164,0
DA:168,0
DA:169,0
DA:173,0
DA:174,0
DA:178,0
DA:179,0
DA:183,0
DA:184,0
DA:188,0
DA:189,0
DA:193,0
DA:194,0
DA:195,0
DA:199,0
DA:200,0
DA:204,0
DA:205,0
DA:206,0
DA:210,0
DA:211,0
DA:215,0
DA:216,0
DA:220,0
DA:221,0
DA:225,0
DA:226,0
LF:82
LH:0
end_of_record
SF:lib/feature/job_posting/domain/entities/job_posting_entity.dart
DA:29,0
DA:41,0
DA:43,0
DA:44,0
DA:45,0
DA:46,0
DA:47,0
DA:48,0
DA:49,0
DA:50,0
DA:53,0
LF:11
LH:0
end_of_record
SF:lib/feature/job_posting/domain/entities/request/job_posting_request_entity.dart
DA:70,0
LF:1
LH:0
end_of_record
SF:lib/feature/job_posting/domain/entities/request/job_posting_request_entity.parser.dart
DA:5,0
DA:6,0
DA:8,0
DA:9,0
DA:10,0
DA:11,0
DA:12,0
DA:13,0
DA:14,0
DA:15,0
DA:16,0
DA:17,0
DA:18,0
DA:19,0
DA:20,0
DA:21,0
DA:22,0
DA:23,0
DA:24,0
DA:25,0
DA:26,0
LF:21
LH:0
end_of_record
SF:lib/feature/job_posting/domain/entities/request/job_posting_request_entity.validator.dart
DA:6,0
DA:9,0
DA:12,0
DA:15,0
DA:18,0
DA:19,0
DA:20,0
DA:21,0
DA:25,0
DA:26,0
DA:27,0
DA:31,0
DA:32,0
DA:33,0
DA:37,0
DA:38,0
DA:39,0
DA:43,0
DA:44,0
DA:45,0
DA:49,0
DA:50,0
DA:51,0
DA:55,0
DA:56,0
DA:57,0
DA:61,0
DA:62,0
DA:63,0
DA:67,0
DA:68,0
DA:69,0
DA:73,0
DA:74,0
DA:75,0
DA:79,0
DA:80,0
DA:81,0
DA:85,0
DA:86,0
DA:87,0
DA:91,0
DA:92,0
DA:93,0
DA:97,0
LF:45
LH:0
end_of_record
SF:lib/feature/job_posting/domain/entities/job_posting_detail_entity.dart
DA:78,0
DA:106,0
DA:108,0
DA:109,0
DA:110,0
DA:111,0
DA:112,0
DA:113,0
DA:114,0
DA:115,0
DA:116,0
DA:117,0
DA:118,0
DA:119,0
DA:120,0
DA:121,0
DA:122,0
DA:123,0
DA:124,0
DA:125,0
DA:126,0
DA:127,0
DA:128,0
DA:129,0
DA:132,0
DA:134,0
DA:135,0
DA:136,0
DA:141,0
DA:143,0
DA:163,0
DA:165,0
DA:167,0
DA:168,0
DA:169,0
DA:170,0
DA:171,0
DA:172,0
DA:173,0
DA:180,0
DA:182,0
DA:183,0
DA:184,0
DA:188,0
DA:189,0
DA:191,0
LF:46
LH:0
end_of_record
SF:lib/feature/job_posting/domain/entities/job_posting_worker_entity.dart
DA:19,0
DA:29,0
DA:30,0
DA:31,0
DA:32,0
DA:33,0
DA:34,0
DA:35,0
LF:8
LH:0
end_of_record
SF:lib/feature/job_posting/domain/entities/job_posting_workers_entity.dart
DA:24,0
DA:35,0
DA:36,0
DA:37,0
DA:38,0
DA:39,0
DA:40,0
DA:41,0
DA:42,0
DA:43,0
DA:44,0
DA:45,0
LF:12
LH:0
end_of_record
SF:lib/feature/job_posting/domain/entities/list/job_postings_entity.dart
DA:14,0
LF:1
LH:0
end_of_record
SF:lib/feature/job_posting/domain/entities/list/job_postings_entity_ext.dart
DA:4,0
DA:5,0
DA:6,0
DA:7,0
DA:8,0
DA:9,0
DA:11,0
LF:7
LH:0
end_of_record
SF:lib/feature/job_posting/domain/entities/list/job_postings_item_entity.dart
DA:32,0
LF:1
LH:0
end_of_record
SF:lib/feature/job_posting/domain/entities/list/job_postings_item_entity_ext.dart
DA:5,0
DA:6,0
DA:7,0
DA:8,0
DA:9,0
DA:10,0
DA:11,0
DA:12,0
DA:13,0
DA:14,0
LF:10
LH:0
end_of_record
SF:lib/feature/job_posting/presentation/blocs/workers/job_posting_workers_event.dart
DA:10,0
DA:17,0
LF:2
LH:0
end_of_record
SF:lib/feature/job_posting/presentation/blocs/workers/job_posting_workers_bloc.dart
DA:16,0
DA:17,0
DA:18,0
DA:26,0
DA:30,0
DA:31,0
DA:32,0
DA:38,0
DA:42,0
DA:46,0
DA:50,0
DA:56,0
DA:59,0
DA:61,0
DA:64,0
DA:65,0
DA:67,0
DA:68,0
DA:69,0
DA:70,0
DA:71,0
DA:72,0
DA:73,0
DA:76,0
DA:77,0
DA:85,0
DA:89,0
LF:27
LH:0
end_of_record
SF:lib/feature/job_posting/presentation/blocs/workers/job_posting_workers_state.dart
DA:18,0
DA:39,0
DA:42,0
DA:44,0
DA:45,0
DA:46,0
LF:6
LH:0
end_of_record
SF:lib/feature/job_posting/presentation/blocs/list/job_postings_bloc.dart
DA:18,0
DA:21,0
DA:22,0
DA:24,0
DA:25,0
DA:26,0
DA:29,0
DA:33,0
DA:39,0
DA:43,0
DA:44,0
DA:49,0
DA:53,0
DA:54,0
DA:56,0
DA:61,0
DA:65,0
DA:68,0
DA:70,0
DA:71,0
DA:75,0
DA:76,0
DA:77,0
DA:78,0
DA:79,0
DA:80,0
DA:81,0
DA:85,0
DA:92,0
DA:94,0
DA:99,0
DA:101,0
DA:106,0
DA:108,0
LF:34
LH:0
end_of_record
SF:lib/feature/job_posting/presentation/blocs/list/job_postings_event.dart
DA:12,0
LF:1
LH:0
end_of_record
SF:lib/feature/job_posting/presentation/blocs/job_postings_tab/job_postings_tab.dart
DA:6,0
DA:9,0
DA:11,0
DA:12,0
DA:13,0
DA:17,0
LF:6
LH:0
end_of_record
SF:lib/feature/job_posting/presentation/blocs/form/job_posting_form_event.dart
DA:9,0
DA:11,0
DA:12,0
DA:19,0
DA:21,0
DA:22,0
DA:29,0
DA:31,0
DA:32,0
DA:39,0
DA:41,0
DA:42,0
DA:49,0
DA:51,0
DA:52,0
DA:59,0
DA:61,0
DA:62,0
DA:67,0
DA:69,0
DA:70,0
DA:75,0
DA:77,0
DA:78,0
DA:83,0
DA:85,0
DA:86,0
DA:93,0
DA:95,0
DA:96,0
DA:103,0
DA:105,0
DA:106,0
DA:113,0
DA:115,0
DA:116,0
DA:123,0
DA:125,0
DA:126,0
DA:133,0
DA:135,0
DA:136,0
DA:141,0
DA:143,0
DA:144,0
DA:151,0
DA:153,0
DA:154,0
DA:159,0
DA:161,0
DA:162,0
DA:169,0
DA:171,0
DA:172,0
DA:177,0
DA:179,0
DA:180,0
DA:187,0
DA:189,0
DA:190,0
DA:195,0
DA:197,0
DA:198,0
DA:203,0
DA:205,0
DA:206,0
DA:213,0
DA:215,0
DA:216,0
DA:221,0
DA:222,0
LF:71
LH:0
end_of_record
SF:lib/feature/job_posting/presentation/blocs/form/job_posting_form_bloc.dart
DA:19,0
DA:21,0
DA:23,0
DA:24,0
DA:26,0
DA:27,0
DA:28,0
DA:29,0
DA:30,0
DA:31,0
DA:32,0
DA:33,0
DA:34,0
DA:35,0
DA:36,0
DA:37,0
DA:38,0
DA:39,0
DA:40,0
DA:41,0
DA:42,0
DA:43,0
DA:44,0
DA:45,0
DA:46,0
DA:47,0
DA:48,0
DA:49,0
DA:53,0
DA:57,0
DA:61,0
DA:65,0
DA:69,0
DA:73,0
DA:77,0
DA:81,0
DA:85,0
DA:89,0
DA:93,0
DA:97,0
DA:101,0
DA:105,0
DA:109,0
DA:113,0
DA:117,0
DA:121,0
DA:125,0
DA:129,0
DA:133,0
DA:137,0
DA:141,0
DA:145,0
DA:149,0
DA:153,0
DA:157,0
DA:161,0
DA:165,0
DA:170,0
DA:174,0
DA:178,0
DA:182,0
DA:186,0
DA:190,0
DA:194,0
DA:198,0
DA:202,0
DA:206,0
DA:210,0
DA:214,0
DA:218,0
DA:222,0
DA:227,0
DA:229,0
DA:230,0
DA:231,0
DA:235,0
DA:238,0
DA:240,0
DA:245,0
DA:249,0
DA:253,0
DA:257,0
DA:261,0
DA:263,0
DA:267,0
DA:268,0
DA:272,0
DA:273,0
LF:88
LH:0
end_of_record
SF:lib/feature/job_posting/presentation/blocs/form/job_posting_form_state.dart
DA:6,0
DA:8,0
LF:2
LH:0
end_of_record
SF:lib/feature/job_posting/presentation/blocs/form/job_posting_form_state_ext.dart
DA:5,0
DA:8,0
DA:9,0
DA:12,0
DA:15,0
DA:16,0
DA:18,0
DA:19,0
DA:20,0
DA:21,0
DA:22,0
DA:23,0
DA:24,0
DA:25,0
DA:26,0
DA:27,0
DA:28,0
DA:29,0
DA:30,0
DA:31,0
DA:32,0
DA:33,0
DA:34,0
DA:35,0
DA:36,0
DA:41,0
DA:45,0
DA:47,0
DA:48,0
DA:49,0
DA:50,0
DA:51,0
DA:52,0
DA:53,0
DA:54,0
DA:55,0
DA:56,0
DA:57,0
DA:58,0
DA:59,0
DA:60,0
DA:61,0
DA:62,0
DA:63,0
DA:64,0
DA:65,0
LF:46
LH:0
end_of_record
SF:lib/feature/job_posting/presentation/blocs/detail/job_posting_detail_event.dart
DA:9,0
LF:1
LH:0
end_of_record
SF:lib/feature/job_posting/presentation/blocs/detail/job_posting_detail_bloc.dart
DA:16,0
DA:17,0
DA:21,0
DA:22,0
DA:23,0
DA:24,0
DA:25,0
DA:26,0
DA:27,0
DA:31,0
DA:35,0
DA:39,0
DA:43,0
DA:44,0
DA:50,0
DA:54,0
DA:60,0
DA:62,0
DA:66,0
DA:67,0
DA:68,0
DA:69,0
DA:74,0
DA:75,0
DA:76,0
DA:87,0
DA:91,0
DA:97,0
DA:99,0
DA:103,0
DA:104,0
DA:105,0
DA:106,0
DA:111,0
DA:112,0
DA:113,0
DA:123,0
DA:127,0
DA:131,0
DA:135,0
DA:139,0
DA:143,0
DA:148,0
DA:155,0
DA:159,0
DA:161,0
DA:165,0
DA:166,0
DA:167,0
DA:168,0
DA:174,0
DA:175,0
DA:176,0
LF:53
LH:0
end_of_record
SF:lib/feature/job_posting/presentation/blocs/detail/job_posting_detail_state.dart
DA:33,0
DA:35,0
DA:37,0
DA:39,0
DA:41,0
DA:43,0
LF:6
LH:0
end_of_record
SF:lib/shared/widgets/tab/bloc/base_tab_event.dart
DA:9,0
LF:1
LH:0
end_of_record
SF:lib/shared/widgets/tab/bloc/base_tab_bloc.dart
DA:10,0
DA:12,0
DA:13,0
DA:14,0
DA:15,0
DA:17,0
LF:6
LH:0
end_of_record
SF:lib/shared/widgets/tab/bloc/base_tab_state.dart
DA:7,0
DA:12,0
DA:16,0
DA:17,0
DA:18,0
LF:5
LH:0
end_of_record
SF:lib/feature/job_posting/presentation/widgets/detail_bottom_sheet/detail_bottom_sheet_factory.dart
DA:9,0
DA:10,0
DA:11,0
DA:12,0
DA:15,0
DA:18,0
DA:24,0
DA:25,0
DA:27,0
DA:28,0
DA:30,0
DA:31,0
DA:32,0
DA:33,0
DA:40,0
DA:41,0
DA:43,0
DA:44,0
DA:46,0
DA:47,0
DA:48,0
DA:49,0
DA:56,0
DA:57,0
DA:59,0
DA:60,0
DA:62,0
DA:63,0
DA:64,0
DA:65,0
LF:30
LH:0
end_of_record
SF:lib/shared/bottom_sheet/description/description_bottom_sheet_option.dart
DA:14,0
LF:1
LH:0
end_of_record
SF:lib/feature/job_posting/presentation/widgets/job_postings_item.dart
DA:13,0
DA:19,0
DA:21,0
DA:25,0
DA:27,0
DA:28,0
DA:38,0
DA:41,0
DA:42,0
DA:43,0
DA:45,0
DA:56,0
DA:58,0
DA:61,0
DA:63,0
DA:65,0
DA:66,0
DA:71,0
DA:73,0
DA:76,0
DA:77,0
DA:79,0
DA:80,0
DA:81,0
DA:82,0
DA:86,0
DA:87,0
DA:88,0
DA:93,0
DA:94,0
DA:96,0
DA:106,0
DA:108,0
DA:110,0
DA:111,0
DA:112,0
DA:113,0
DA:114,0
DA:116,0
DA:118,0
DA:135,0
DA:137,0
DA:142,0
DA:144,0
DA:146,0
DA:147,0
DA:148,0
DA:149,0
DA:151,0
DA:152,0
DA:153,0
DA:162,14
DA:164,0
DA:166,0
DA:167,0
DA:168,0
DA:175,14
DA:177,0
DA:179,0
DA:180,0
DA:181,0
LF:61
LH:2
end_of_record
SF:lib/feature/job_posting/presentation/widgets/worker_profile/worker_profile.dart
DA:27,0
DA:37,0
DA:39,0
DA:40,0
DA:41,0
DA:44,0
DA:45,0
DA:46,0
DA:47,0
DA:48,0
DA:49,0
DA:50,0
DA:51,0
DA:52,0
DA:54,0
DA:57,0
DA:59,0
DA:65,0
DA:66,0
DA:67,0
DA:78,0
DA:83,0
DA:85,0
DA:87,0
DA:88,0
DA:89,0
DA:90,0
DA:91,0
DA:93,0
DA:94,0
DA:95,0
DA:96,0
DA:99,0
DA:100,0
DA:101,0
DA:103,0
DA:104,0
DA:105,0
DA:106,0
LF:39
LH:0
end_of_record
SF:lib/feature/splash/init_injections.dart
DA:4,0
DA:5,0
DA:6,0
DA:7,0
LF:4
LH:0
end_of_record
SF:lib/feature/splash/presentation/bloc/splash_bloc.dart
DA:18,0
DA:20,0
DA:21,0
DA:23,0
DA:26,0
DA:31,0
DA:33,0
DA:34,0
DA:36,0
DA:38,0
DA:40,0
DA:41,0
DA:42,0
LF:13
LH:0
end_of_record
SF:lib/feature/splash/type/splash_next_page_type.dart
DA:13,0
DA:15,0
DA:19,0
LF:3
LH:0
end_of_record
SF:lib/feature/user/data/data_sources/dto/simple_user_dto.dart
DA:18,0
DA:19,0
LF:2
LH:0
end_of_record
SF:lib/feature/user/data/data_sources/dto/simple_user_dto.g.dart
DA:9,0
DA:10,0
DA:11,0
DA:12,0
DA:13,0
DA:14,0
DA:17,0
DA:18,0
DA:19,0
DA:20,0
DA:21,0
DA:22,0
LF:12
LH:0
end_of_record
SF:lib/feature/user/data/data_sources/dto/simple_user_dto.mock.dart
DA:4,0
DA:5,0
LF:2
LH:0
end_of_record
SF:lib/feature/user/domain/entity/simple_user_entity.dart
DA:16,0
DA:25,0
DA:26,0
DA:27,0
DA:28,0
DA:29,0
DA:30,0
LF:7
LH:0
end_of_record
SF:lib/feature/user/presentation/widgets/user_profile/user_profile.dart
DA:16,0
DA:23,0
DA:25,0
DA:26,0
DA:27,0
DA:28,0
DA:31,0
DA:32,0
DA:33,0
DA:44,0
DA:48,0
DA:50,0
DA:52,0
DA:54,0
DA:56,0
DA:58,0
DA:59,0
DA:60,0
DA:79,0
DA:84,0
DA:86,0
DA:88,0
DA:89,0
DA:90,0
DA:91,0
DA:92,0
DA:95,0
DA:96,0
DA:97,0
LF:29
LH:0
end_of_record
SF:lib/shared/bottom_sheet/base/base_bottom_sheet.dart
DA:12,0
DA:18,0
DA:20,0
DA:22,0
DA:25,0
DA:26,0
DA:27,0
DA:28,0
DA:30,0
DA:32,0
DA:35,0
DA:36,0
DA:37,0
DA:38,0
DA:43,0
DA:44,0
LF:16
LH:0
end_of_record
SF:lib/shared/bottom_sheet/description/description_bottom_sheet.dart
DA:14,0
DA:21,0
DA:23,0
DA:25,0
DA:26,0
DA:27,0
DA:28,0
DA:29,0
DA:38,0
DA:39,0
DA:40,0
DA:41,0
DA:46,0
DA:54,0
DA:59,0
DA:62,0
DA:63,0
DA:64,0
DA:65,0
DA:66,0
DA:67,0
DA:68,0
LF:22
LH:0
end_of_record
SF:lib/shared/data/data_sources/delete/delete_response_dto.dart
DA:18,0
DA:19,0
DA:22,0
DA:23,0
DA:26,0
DA:27,0
LF:6
LH:0
end_of_record
SF:lib/shared/data/data_sources/delete/delete_response_dto.g.dart
DA:9,0
DA:11,0
DA:12,0
DA:13,0
DA:14,0
DA:17,0
DA:19,0
DA:20,0
DA:21,0
DA:22,0
LF:10
LH:0
end_of_record
SF:lib/shared/data/data_sources/delete/delete_response_dto.mock.dart
DA:5,0
DA:6,0
DA:14,0
DA:15,0
LF:4
LH:0
end_of_record
SF:lib/shared/dialogs/base/base_dialog.dart
DA:7,0
DA:12,0
DA:14,0
DA:16,0
DA:17,0
DA:18,0
DA:19,0
DA:22,0
DA:23,0
DA:24,0
DA:29,0
DA:32,0
LF:12
LH:0
end_of_record
SF:lib/shared/dialogs/custom_alert/custom_alert_dialog.dart
DA:11,1
DA:18,1
DA:20,1
DA:21,1
DA:22,1
DA:24,2
DA:25,0
DA:26,0
DA:27,0
DA:30,2
DA:31,1
DA:32,1
DA:33,2
DA:36,1
DA:41,1
DA:45,1
DA:49,1
DA:54,1
DA:56,2
DA:59,1
DA:61,0
LF:21
LH:17
end_of_record
SF:lib/shared/dialogs/guide/guide_dialog.dart
DA:11,0
DA:17,0
DA:19,0
DA:20,0
DA:22,0
DA:23,0
DA:24,0
DA:25,0
DA:28,0
DA:29,0
DA:30,0
DA:38,0
DA:39,0
DA:40,0
DA:41,0
DA:46,0
DA:47,0
DA:48,0
DA:49,0
DA:54,0
DA:55,0
DA:56,0
DA:57,0
DA:62,0
DA:63,0
DA:66,0
DA:71,0
DA:72,0
DA:75,0
DA:80,0
DA:81,0
DA:84,0
LF:32
LH:0
end_of_record
SF:lib/shared/widgets/base_badge/base_badge.dart
DA:12,0
DA:20,0
DA:22,0
DA:27,0
DA:28,0
DA:29,0
DA:30,0
DA:32,0
DA:33,0
DA:34,0
LF:10
LH:0
end_of_record
SF:lib/shared/widgets/base_input/base_input.dart
DA:46,4
DA:69,4
DA:71,12
DA:75,12
DA:79,4
DA:81,4
DA:82,4
DA:83,4
DA:84,4
DA:90,4
DA:91,4
DA:92,4
DA:93,4
DA:94,16
DA:95,4
DA:96,4
DA:97,4
DA:98,4
DA:99,4
DA:100,4
DA:103,4
DA:104,4
DA:105,4
DA:106,4
DA:107,4
DA:108,4
DA:113,4
DA:114,4
DA:117,4
DA:120,4
DA:124,8
DA:125,4
DA:126,16
DA:127,4
DA:134,1
DA:143,1
DA:149,1
DA:157,2
DA:168,2
DA:174,2
DA:178,2
DA:182,4
DA:192,4
DA:197,4
DA:199,4
DA:200,4
DA:201,12
LF:47
LH:47
end_of_record
SF:lib/shared/widgets/base_switch/base_switch.dart
DA:13,0
DA:21,0
DA:23,0
DA:25,0
DA:27,0
DA:29,0
DA:31,0
DA:32,0
DA:35,0
DA:36,0
DA:38,0
DA:39,0
DA:40,0
DA:41,0
DA:42,0
DA:47,0
DA:50,0
DA:51,0
LF:18
LH:0
end_of_record
SF:lib/shared/widgets/button/base_button/base_button.dart
DA:15,2
DA:23,2
DA:25,2
DA:26,2
DA:27,4
DA:28,2
DA:32,2
DA:33,2
DA:34,2
DA:36,2
DA:42,1
DA:48,1
DA:50,1
DA:52,3
DA:62,1
DA:68,1
DA:71,1
DA:73,3
LF:18
LH:18
end_of_record
SF:lib/shared/widgets/button/enabled_button/enabled_button.dart
DA:13,1
DA:20,2
DA:22,2
DA:24,1
DA:26,1
DA:27,1
DA:28,1
DA:29,3
DA:30,1
DA:33,1
DA:34,1
LF:11
LH:11
end_of_record
SF:lib/shared/widgets/custom_app_bar/custom_app_bar.dart
DA:9,1
DA:13,1
DA:21,1
DA:25,1
DA:26,1
DA:29,0
DA:30,0
LF:7
LH:5
end_of_record
SF:lib/shared/widgets/lined_text_form/lined_text_form.dart
DA:15,0
DA:23,0
DA:25,0
DA:26,0
DA:27,0
DA:28,0
DA:29,0
DA:30,0
DA:35,0
DA:36,0
DA:37,0
DA:43,0
DA:52,0
DA:54,0
DA:55,0
DA:56,0
DA:59,0
DA:60,0
DA:61,0
DA:66,0
DA:67,0
DA:68,0
DA:73,0
LF:23
LH:0
end_of_record
SF:lib/shared/widgets/more_options/more_options.dart
DA:12,0
DA:18,0
DA:20,0
DA:25,0
DA:29,0
DA:30,0
DA:31,0
DA:33,0
DA:34,0
DA:35,0
DA:37,0
DA:38,0
DA:39,0
DA:40,0
DA:46,0
LF:15
LH:0
end_of_record
SF:lib/shared/widgets/page_root/page_root.dart
DA:20,2
DA:31,2
DA:33,2
DA:34,2
DA:35,2
DA:36,2
DA:37,2
DA:38,2
DA:40,2
DA:41,2
DA:42,2
DA:43,2
DA:46,2
DA:47,2
DA:51,2
DA:52,2
LF:16
LH:16
end_of_record
SF:lib/shared/widgets/radio_chip/radio_chip.dart
DA:16,0
DA:25,0
DA:27,0
DA:29,0
DA:30,0
DA:32,0
DA:34,0
DA:35,0
DA:36,0
DA:37,0
DA:38,0
DA:39,0
DA:41,0
DA:42,0
DA:43,0
DA:44,0
DA:46,0
DA:47,0
DA:48,0
DA:49,0
LF:20
LH:0
end_of_record
SF:lib/shared/widgets/tab/widget/base_tabs.dart
DA:13,1
DA:20,1
DA:22,1
DA:30,1
DA:31,1
DA:32,1
DA:33,2
DA:34,1
DA:35,4
DA:37,2
DA:38,3
DA:42,1
LF:12
LH:12
end_of_record
SF:lib/shared/widgets/tab/widget/base_tab.dart
DA:14,1
DA:21,1
DA:23,1
DA:24,1
DA:26,1
DA:27,1
DA:28,1
DA:31,1
DA:32,1
DA:33,1
DA:39,1
DA:40,2
DA:42,3
LF:13
LH:13
end_of_record
SF:lib/shared/widgets/time_picker/time_picker.dart
DA:8,0
DA:10,0
DA:12,0
DA:13,0
DA:14,0
DA:15,0
DA:17,0
DA:18,0
DA:21,0
DA:24,0
DA:28,0
DA:29,0
DA:38,0
DA:39,0
DA:41,0
LF:15
LH:0
end_of_record
SF:lib/feature/account/data/data_sources/remote/api.dart
DA:10,3
DA:19,3
DA:22,3
LF:3
LH:3
end_of_record
SF:lib/core/utils/bloc/base_bloc_event.dart
LF:0
LH:0
end_of_record
SF:lib/feature/job_posting/presentation/blocs/list/job_postings_state.dart
LF:0
LH:0
end_of_record
SF:lib/feature/splash/presentation/bloc/splash_event.dart
LF:0
LH:0
end_of_record
SF:lib/feature/splash/presentation/bloc/splash_state.dart
LF:0
LH:0
end_of_record
